<?xml version="1.0" encoding="UTF-8"?>
<!-- Generated by org.testng.reporters.JUnitReportReporter -->
<testsuite hostname="DESKTOP-6V7A636" failures="0" tests="1" name="regresIN.getUsers" time="0.284" errors="0" timestamp="2022-11-24T17:10:41 CAST" skipped="0">
  <testcase classname="regresIN.getUsers" name="getUsersV2Test" time="0.284"/>
  <system-out/>
</testsuite> <!-- regresIN.getUsers -->
