<?xml version="1.0" encoding="UTF-8"?>
<!-- Generated by org.testng.reporters.JUnitReportReporter -->
<testsuite hostname="DESKTOP-6V7A636" failures="0" tests="2" name="regresIN.CreateUser" time="4.291" errors="0" timestamp="2022-11-16T15:40:06 CAST" skipped="0">
  <testcase classname="regresIN.CreateUser" name="CreateUserV1Test" time="3.712"/>
  <system-out/>
  <testcase classname="regresIN.CreateUser" name="CreateUserV2Test" time="0.579"/>
  <system-out/>
</testsuite> <!-- regresIN.CreateUser -->
