<?xml version="1.0" encoding="UTF-8"?>
<!-- Generated by org.testng.reporters.JUnitReportReporter -->
<testsuite hostname="DESKTOP-6V7A636" failures="0" tests="1" name="regresIN.UpdateUser" time="0.406" errors="0" timestamp="2022-11-16T15:40:06 CAST" skipped="0">
  <testcase classname="regresIN.UpdateUser" name="updateUserTest" time="0.406"/>
  <system-out/>
</testsuite> <!-- regresIN.UpdateUser -->
